{"contracts/ChainportUtils.sol":{"l":{"9":1,"19":11,"20":11,"22":11,"23":10,"25":1,"38":3,"40":3,"42":12,"43":11,"45":1,"49":3},"path":"/Users/eitan/Documents/Projects/Dcentralab/sandbox-2/current-balance/contracts/ChainportUtils.sol","s":{"1":11,"2":11,"3":10,"4":1,"5":3,"6":3,"7":12,"8":11,"9":1,"10":3},"b":{"1":[10,1],"2":[11,1]},"f":{"1":11,"2":3},"fnMap":{"1":{"name":"tokenBalance","line":18,"loc":{"start":{"line":18,"column":4},"end":{"line":27,"column":4}}},"2":{"name":"tokenBalances","line":37,"loc":{"start":{"line":37,"column":4},"end":{"line":50,"column":4}}}},"statementMap":{"1":{"start":{"line":19,"column":8},"end":{"line":19,"column":28}},"2":{"start":{"line":22,"column":8},"end":{"line":22,"column":706}},"3":{"start":{"line":23,"column":12},"end":{"line":23,"column":48}},"4":{"start":{"line":25,"column":12},"end":{"line":25,"column":20}},"5":{"start":{"line":38,"column":8},"end":{"line":38,"column":68}},"6":{"start":{"line":40,"column":8},"end":{"line":40,"column":1432}},"7":{"start":{"line":42,"column":12},"end":{"line":42,"column":1492}},"8":{"start":{"line":43,"column":16},"end":{"line":43,"column":62}},"9":{"start":{"line":45,"column":16},"end":{"line":45,"column":45}},"10":{"start":{"line":49,"column":8},"end":{"line":49,"column":27}}},"branchMap":{"1":{"line":22,"type":"if","locations":[{"start":{"line":22,"column":8},"end":{"line":22,"column":8}},{"start":{"line":22,"column":8},"end":{"line":22,"column":8}}]},"2":{"line":42,"type":"if","locations":[{"start":{"line":42,"column":12},"end":{"line":42,"column":12}},{"start":{"line":42,"column":12},"end":{"line":42,"column":12}}]}}},"contracts/TestERC20.sol":{"l":{"11":30,"15":0},"path":"/Users/eitan/Documents/Projects/Dcentralab/sandbox-2/current-balance/contracts/TestERC20.sol","s":{"1":30,"2":0},"b":{},"f":{"1":30,"2":0},"fnMap":{"1":{"name":"constructor","line":10,"loc":{"start":{"line":10,"column":4},"end":{"line":12,"column":4}}},"2":{"name":"mint","line":14,"loc":{"start":{"line":14,"column":4},"end":{"line":16,"column":4}}}},"statementMap":{"1":{"start":{"line":11,"column":8},"end":{"line":11,"column":43}},"2":{"start":{"line":15,"column":8},"end":{"line":15,"column":41}}},"branchMap":{}}}